<?xml version="1.0" encoding="UTF-8"?>
<!-- Generated by org.testng.reporters.JUnitReportReporter -->
<testsuite skipped="0" hostname="GS-5241" name="apitest.testng" tests="4" failures="0" timestamp="12 Aug 2020 14:40:26 GMT" time="0.026" errors="0">
  <testcase name="ftest" time="0.004" classname="apitest.testng"/>
  <testcase name="f" time="0.010" classname="apitest.testng"/>
  <testcase name="f" time="0.008" classname="apitest.testng"/>
  <testcase name="f" time="0.004" classname="apitest.testng"/>
</testsuite> <!-- apitest.testng -->
